<?xml version="1.0" encoding="UTF-8"?>
<testng-results skipped="0" failed="0" ignored="0" total="1" passed="1">
  <reporter-output>
  </reporter-output>
  <suite name="Default suite" duration-ms="55" started-at="2019-08-14T12:51:44Z" finished-at="2019-08-14T12:51:44Z">
    <groups>
    </groups>
    <test name="Default test" duration-ms="55" started-at="2019-08-14T12:51:44Z" finished-at="2019-08-14T12:51:44Z">
      <class name="Test.Demo.NG.NewTest">
        <test-method status="PASS" signature="Display()[pri:0, instance:Test.Demo.NG.NewTest@6574b225]" name="Display" duration-ms="17" started-at="2019-08-14T08:51:44Z" finished-at="2019-08-14T08:51:44Z">
          <reporter-output>
          </reporter-output>
        </test-method> <!-- Display -->
      </class> <!-- Test.Demo.NG.NewTest -->
    </test> <!-- Default test -->
  </suite> <!-- Default suite -->
</testng-results>
